<?xml version="1.0" encoding="UTF-8"?>
<testng-results skipped="0" failed="0" ignored="0" total="1" passed="1">
  <reporter-output>
  </reporter-output>
  <suite name="InetBankingv1" duration-ms="56950" started-at="2019-07-11T07:50:46Z" finished-at="2019-07-11T07:51:43Z">
    <groups>
    </groups>
    <test name="BankingApp Test" duration-ms="56950" started-at="2019-07-11T07:50:46Z" finished-at="2019-07-11T07:51:43Z">
      <class name="com.inetbanking.testCases.TestCase_AddCustomerTest_003">
        <test-method status="PASS" signature="setup(java.lang.String)[pri:0, instance:com.inetbanking.testCases.TestCase_AddCustomerTest_003@17c68925]" name="setup" is-config="true" duration-ms="14224" started-at="2019-07-11T07:50:46Z" finished-at="2019-07-11T07:51:00Z">
          <params>
            <param index="0">
              <value>
                <![CDATA[chrome]]>
              </value>
            </param>
          </params>
          <reporter-output>
          </reporter-output>
        </test-method> <!-- setup -->
        <test-method status="PASS" signature="addnewCustomer()[pri:0, instance:com.inetbanking.testCases.TestCase_AddCustomerTest_003@17c68925]" name="addnewCustomer" duration-ms="42207" started-at="2019-07-11T07:51:00Z" finished-at="2019-07-11T07:51:43Z">
          <reporter-output>
          </reporter-output>
        </test-method> <!-- addnewCustomer -->
        <test-method status="PASS" signature="teardown()[pri:0, instance:com.inetbanking.testCases.TestCase_AddCustomerTest_003@17c68925]" name="teardown" is-config="true" duration-ms="94" started-at="2019-07-11T07:51:43Z" finished-at="2019-07-11T07:51:43Z">
          <reporter-output>
          </reporter-output>
        </test-method> <!-- teardown -->
      </class> <!-- com.inetbanking.testCases.TestCase_AddCustomerTest_003 -->
    </test> <!-- BankingApp Test -->
  </suite> <!-- InetBankingv1 -->
</testng-results>
